#
# There is insufficient memory for the Java Runtime Environment to continue.
# Native memory allocation (mmap) failed to map 268435456 bytes for G1 virtual space
# Possible reasons:
#   The system is out of physical RAM or swap space
#   The process is running with CompressedOops enabled, and the Java Heap may be blocking the growth of the native heap
# Possible solutions:
#   Reduce memory load on the system
#   Increase physical memory or swap space
#   Check if swap backing store is full
#   Decrease Java heap size (-Xmx/-Xms)
#   Decrease number of Java threads
#   Decrease Java thread stack sizes (-Xss)
#   Set larger code cache with -XX:ReservedCodeCacheSize=
#   JVM is running with Zero Based Compressed Oops mode in which the Java heap is
#     placed in the first 32GB address space. The Java Heap base address is the
#     maximum limit for the native heap growth. Please use -XX:HeapBaseMinAddress
#     to set the Java Heap base and to place the Java Heap above 32GB virtual address.
# This output file may be truncated or incomplete.
#
#  Out of Memory Error (os_windows.cpp:3548), pid=17668, tid=20168
#
# JRE version:  (17.0.12+8) (build )
# Java VM: Java HotSpot(TM) 64-Bit Server VM (17.0.12+8-LTS-286, mixed mode, sharing, tiered, compressed oops, compressed class ptrs, g1 gc, windows-amd64)
# No core dump will be written. Minidumps are not enabled by default on client versions of Windows
#

---------------  S U M M A R Y ------------

Command Line: C:\Users\HP\AppData\Local\Temp\surefire3750145293778695051\surefirebooter-20250104154002343_3.jar C:\Users\HP\AppData\Local\Temp\surefire3750145293778695051 2025-01-04T15-39-49_594-jvmRun1 surefire-20250104154002343_1tmp surefire_0-20250104154002343_2tmp

Host: Intel(R) Core(TM) i7-5500U CPU @ 2.40GHz, 4 cores, 15G,  Windows 10 , 64 bit Build 19041 (10.0.19041.5198)
Time: Sat Jan  4 15:40:02 2025 India Standard Time elapsed time: 0.030016 seconds (0d 0h 0m 0s)

---------------  T H R E A D  ---------------

Current thread (0x000001a4767e25a0):  JavaThread "Unknown thread" [_thread_in_vm, id=20168, stack(0x0000001941400000,0x0000001941500000)]

Stack: [0x0000001941400000,0x0000001941500000]
Native frames: (J=compiled Java code, j=interpreted, Vv=VM code, C=native code)
V  [jvm.dll+0x67a04a]
V  [jvm.dll+0x7da4ed]
V  [jvm.dll+0x7dbe33]
V  [jvm.dll+0x7dc4a3]
V  [jvm.dll+0x24508f]
V  [jvm.dll+0x677089]
V  [jvm.dll+0x66bd32]
V  [jvm.dll+0x301fa6]
V  [jvm.dll+0x309546]
V  [jvm.dll+0x359d2e]
V  [jvm.dll+0x359f5f]
V  [jvm.dll+0x2d9078]
V  [jvm.dll+0x2d9fe4]
V  [jvm.dll+0x7aca21]
V  [jvm.dll+0x367591]
V  [jvm.dll+0x78b999]
V  [jvm.dll+0x3ec83f]
V  [jvm.dll+0x3ee471]
C  [jli.dll+0x5297]
C  [ucrtbase.dll+0x21bb2]
C  [KERNEL32.DLL+0x17374]
C  [ntdll.dll+0x4cc91]


---------------  P R O C E S S  ---------------

Threads class SMR info:
_java_thread_list=0x00007ff9f6137a18, length=0, elements={
}

Java Threads: ( => current thread )

Other Threads:
  0x000001a47684e410 GCTaskThread "GC Thread#0" [stack: 0x0000001941500000,0x0000001941600000] [id=13116]
  0x000001a4768600d0 ConcurrentGCThread "G1 Main Marker" [stack: 0x0000001941600000,0x0000001941700000] [id=11448]
  0x000001a4768609f0 ConcurrentGCThread "G1 Conc#0" [stack: 0x0000001941700000,0x0000001941800000] [id=15916]

[error occurred during error reporting (printing all threads), id 0xc0000005, EXCEPTION_ACCESS_VIOLATION (0xc0000005) at pc=0x00007ff9f5969b67]

VM state: not at safepoint (not fully initialized)

VM Mutex/Monitor currently owned by a thread:  ([mutex/lock_event])
[0x000001a4767df100] Heap_lock - owner thread: 0x000001a4767e25a0

Heap address: 0x0000000701a00000, size: 4070 MB, Compressed Oops mode: Zero based, Oop shift amount: 3

CDS archive(s) mapped at: [0x0000000000000000-0x0000000000000000-0x0000000000000000), size 0, SharedBaseAddress: 0x0000000800000000, ArchiveRelocationMode: 1.
Narrow klass base: 0x0000000000000000, Narrow klass shift: 0, Narrow klass range: 0x0

GC Precious Log:
<Empty>

Heap:
 garbage-first heap   total 0K, used 0K [0x0000000701a00000, 0x0000000800000000)
  region size 2048K, 0 young (0K), 0 survivors (0K)

[error occurred during error reporting (printing heap information), id 0xc0000005, EXCEPTION_ACCESS_VIOLATION (0xc0000005) at pc=0x00007ff9f5d53859]

GC Heap History (0 events):
No events

Deoptimization events (0 events):
No events

Classes unloaded (0 events):
No events

Classes redefined (0 events):
No events

Internal exceptions (0 events):
No events

VM Operations (0 events):
No events

Events (1 events):
Event: 0.014 Loaded shared library C:\Program Files\Java\jdk-17\bin\java.dll


Dynamic libraries:
0x00007ff7f8350000 - 0x00007ff7f8360000 	C:\Program Files\Java\jdk-17\bin\java.exe
0x00007ffa52f10000 - 0x00007ffa53108000 	C:\Windows\SYSTEM32\ntdll.dll
0x00007ffa517a0000 - 0x00007ffa51862000 	C:\Windows\System32\KERNEL32.DLL
0x00007ffa508c0000 - 0x00007ffa50bbe000 	C:\Windows\System32\KERNELBASE.dll
0x00007ffa50d10000 - 0x00007ffa50e10000 	C:\Windows\System32\ucrtbase.dll
0x00007ffa44700000 - 0x00007ffa44719000 	C:\Program Files\Java\jdk-17\bin\jli.dll
0x00007ffa520a0000 - 0x00007ffa52151000 	C:\Windows\System32\ADVAPI32.dll
0x00007ffa51f90000 - 0x00007ffa5202e000 	C:\Windows\System32\msvcrt.dll
0x00007ffa51870000 - 0x00007ffa5190f000 	C:\Windows\System32\sechost.dll
0x00007ffa51280000 - 0x00007ffa513a3000 	C:\Windows\System32\RPCRT4.dll
0x00007ffa507f0000 - 0x00007ffa50817000 	C:\Windows\System32\bcrypt.dll
0x00007ffa51040000 - 0x00007ffa511dd000 	C:\Windows\System32\USER32.dll
0x00007ffa505b0000 - 0x00007ffa505d2000 	C:\Windows\System32\win32u.dll
0x00007ffa51410000 - 0x00007ffa5143b000 	C:\Windows\System32\GDI32.dll
0x00007ffa50e10000 - 0x00007ffa50f27000 	C:\Windows\System32\gdi32full.dll
0x00007ffa50820000 - 0x00007ffa508bd000 	C:\Windows\System32\msvcp_win.dll
0x00007ffa44630000 - 0x00007ffa4464b000 	C:\Program Files\Java\jdk-17\bin\VCRUNTIME140.dll
0x00007ffa46540000 - 0x00007ffa467da000 	C:\Windows\WinSxS\amd64_microsoft.windows.common-controls_6595b64144ccf1df_6.0.19041.4355_none_60b8b9eb71f62e16\COMCTL32.dll
0x00007ffa477f0000 - 0x00007ffa477fa000 	C:\Windows\SYSTEM32\VERSION.dll
0x00007ffa51240000 - 0x00007ffa5126f000 	C:\Windows\System32\IMM32.DLL
0x00007ffa446e0000 - 0x00007ffa446ec000 	C:\Program Files\Java\jdk-17\bin\vcruntime140_1.dll
0x00007ffa35d60000 - 0x00007ffa35dee000 	C:\Program Files\Java\jdk-17\bin\msvcp140.dll
0x00007ff9f5680000 - 0x00007ff9f6260000 	C:\Program Files\Java\jdk-17\bin\server\jvm.dll
0x00007ffa51270000 - 0x00007ffa51278000 	C:\Windows\System32\PSAPI.DLL
0x00007ffa3be70000 - 0x00007ffa3be79000 	C:\Windows\SYSTEM32\WSOCK32.dll
0x00007ffa52030000 - 0x00007ffa5209b000 	C:\Windows\System32\WS2_32.dll
0x00007ffa46f80000 - 0x00007ffa46fa7000 	C:\Windows\SYSTEM32\WINMM.dll
0x00007ffa4edd0000 - 0x00007ffa4ede2000 	C:\Windows\SYSTEM32\kernel.appcore.dll
0x00007ffa3c220000 - 0x00007ffa3c22a000 	C:\Program Files\Java\jdk-17\bin\jimage.dll
0x00007ffa499d0000 - 0x00007ffa49bb4000 	C:\Windows\SYSTEM32\DBGHELP.DLL
0x00007ffa498b0000 - 0x00007ffa498e4000 	C:\Windows\SYSTEM32\dbgcore.DLL
0x00007ffa50c80000 - 0x00007ffa50d02000 	C:\Windows\System32\bcryptPrimitives.dll
0x00007ffa36bf0000 - 0x00007ffa36c15000 	C:\Program Files\Java\jdk-17\bin\java.dll

dbghelp: loaded successfully - version: 4.0.5 - missing functions: none
symbol engine: initialized successfully - sym options: 0x614 - pdb path: .;C:\Program Files\Java\jdk-17\bin;C:\Windows\SYSTEM32;C:\Windows\WinSxS\amd64_microsoft.windows.common-controls_6595b64144ccf1df_6.0.19041.4355_none_60b8b9eb71f62e16;C:\Program Files\Java\jdk-17\bin\server

VM Arguments:
java_command: C:\Users\HP\AppData\Local\Temp\surefire3750145293778695051\surefirebooter-20250104154002343_3.jar C:\Users\HP\AppData\Local\Temp\surefire3750145293778695051 2025-01-04T15-39-49_594-jvmRun1 surefire-20250104154002343_1tmp surefire_0-20250104154002343_2tmp
java_class_path (initial): C:\Users\HP\AppData\Local\Temp\surefire3750145293778695051\surefirebooter-20250104154002343_3.jar
Launcher Type: SUN_STANDARD

[Global flags]
     intx CICompilerCount                          = 3                                         {product} {ergonomic}
     uint ConcGCThreads                            = 1                                         {product} {ergonomic}
     uint G1ConcRefinementThreads                  = 4                                         {product} {ergonomic}
   size_t G1HeapRegionSize                         = 2097152                                   {product} {ergonomic}
    uintx GCDrainStackTargetSize                   = 64                                        {product} {ergonomic}
   size_t InitialHeapSize                          = 268435456                                 {product} {ergonomic}
   size_t MarkStackSize                            = 4194304                                   {product} {ergonomic}
   size_t MaxHeapSize                              = 4267704320                                {product} {ergonomic}
   size_t MinHeapDeltaBytes                        = 2097152                                   {product} {ergonomic}
   size_t MinHeapSize                              = 8388608                                   {product} {ergonomic}
    uintx NonNMethodCodeHeapSize                   = 5832780                                {pd product} {ergonomic}
    uintx NonProfiledCodeHeapSize                  = 122912730                              {pd product} {ergonomic}
    uintx ProfiledCodeHeapSize                     = 122912730                              {pd product} {ergonomic}
    uintx ReservedCodeCacheSize                    = 251658240                              {pd product} {ergonomic}
     bool SegmentedCodeCache                       = true                                      {product} {ergonomic}
   size_t SoftMaxHeapSize                          = 4267704320                             {manageable} {ergonomic}
     bool UseCompressedClassPointers               = true                           {product lp64_product} {ergonomic}
     bool UseCompressedOops                        = true                           {product lp64_product} {ergonomic}
     bool UseG1GC                                  = true                                      {product} {ergonomic}
     bool UseLargePagesIndividualAllocation        = false                                  {pd product} {ergonomic}

Logging:
Log output configuration:
 #0: stdout all=warning uptime,level,tags
 #1: stderr all=off uptime,level,tags

Environment Variables:
JAVA_HOME=C:\Program Files\Microsoft\jdk-17.0.12.7-hotspot\
PATH=C:\Program Files\Microsoft\jdk-17.0.12.7-hotspot\bin;C:\Program Files\Common Files\Oracle\Java\javapath;C:\Windows\system32;C:\Windows;C:\Windows\System32\Wbem;C:\Windows\System32\WindowsPowerShell\v1.0\;C:\Windows\System32\OpenSSH\;C:\Program Files\Java\jdk-17\bin;C:\Program Files\Git\cmd;C:\flutter\bin;C:\Program Files\Microsoft SQL Server\150\Tools\Binn\;C:\Program Files\Microsoft SQL Server\Client SDK\ODBC\170\Tools\Binn\;C:\Program Files\dotnet\;C:\Program Files (x86)\Windows Kits\10\Windows Performance Toolkit\;D:\kafka\bin\windows;C:\ProgramData\chocolatey\bin;C:\Program Files\nodejs\;C:\Users\HP\AppData\Local\Android\Sdk\platform-tools;C:\Users\HP\AppData\Local\Microsoft\WindowsApps;C:\Users\HP\AppData\Local\Programs\Microsoft VS Code\bin;C:\Users\HP\.dotnet\tools;C:\Program Files\Java\jdk-17\bin;C:\Users\HP\AppData\Local\GitHubDesktop\bin;C:\Users\HP\AppData\Roaming\npm
USERNAME=HP
OS=Windows_NT
PROCESSOR_IDENTIFIER=Intel64 Family 6 Model 61 Stepping 4, GenuineIntel



---------------  S Y S T E M  ---------------

OS:
 Windows 10 , 64 bit Build 19041 (10.0.19041.5198)
OS uptime: 11 days 3:25 hours

CPU: total 4 (initial active 4) (2 cores per cpu, 2 threads per core) family 6 model 61 stepping 4 microcode 0x2d, cx8, cmov, fxsr, ht, mmx, 3dnowpref, sse, sse2, sse3, ssse3, sse4.1, sse4.2, popcnt, lzcnt, tsc, tscinvbit, avx, avx2, aes, erms, clmul, bmi1, bmi2, adx, fma, vzeroupper, clflush

Memory: 4k page, system-wide physical 16275M (5489M free)
TotalPageFile size 18323M (AvailPageFile size 159M)
current process WorkingSet (physical memory assigned to process): 10M, peak: 10M
current process commit charge ("private bytes"): 51M, peak: 307M

vm_info: Java HotSpot(TM) 64-Bit Server VM (17.0.12+8-LTS-286) for windows-amd64 JRE (17.0.12+8-LTS-286), built on Jun  5 2024 06:46:59 by "mach5one" with MS VC++ 17.6 (VS2022)

END.
