#
# There is insufficient memory for the Java Runtime Environment to continue.
# Native memory allocation (malloc) failed to allocate 149616 bytes. Error detail: Chunk::new
# Possible reasons:
#   The system is out of physical RAM or swap space
#   This process is running with CompressedOops enabled, and the Java Heap may be blocking the growth of the native heap
# Possible solutions:
#   Reduce memory load on the system
#   Increase physical memory or swap space
#   Check if swap backing store is full
#   Decrease Java heap size (-Xmx/-Xms)
#   Decrease number of Java threads
#   Decrease Java thread stack sizes (-Xss)
#   Set larger code cache with -XX:ReservedCodeCacheSize=
#   JVM is running with Zero Based Compressed Oops mode in which the Java heap is
#     placed in the first 32GB address space. The Java Heap base address is the
#     maximum limit for the native heap growth. Please use -XX:HeapBaseMinAddress
#     to set the Java Heap base and to place the Java Heap above 32GB virtual address.
# This output file may be truncated or incomplete.
#
#  Out of Memory Error (arena.cpp:191), pid=4928, tid=9144
#
# JRE version: OpenJDK Runtime Environment Microsoft-9889599 (17.0.12+7) (build 17.0.12+7-LTS)
# Java VM: OpenJDK 64-Bit Server VM Microsoft-9889599 (17.0.12+7-LTS, mixed mode, sharing, tiered, compressed oops, compressed class ptrs, g1 gc, windows-amd64)
# No core dump will be written. Minidumps are not enabled by default on client versions of Windows
#

---------------  S U M M A R Y ------------

Command Line: -Dfile.encoding=UTF-8 -Dstdout.encoding=UTF-8 -Dstderr.encoding=UTF-8 -XX:+ShowCodeDetailsInExceptionMessages com.kafka.TrackingSystemApplication

Host: Intel(R) Core(TM) i7-5500U CPU @ 2.40GHz, 4 cores, 15G,  Windows 10 , 64 bit Build 19041 (10.0.19041.5198)
Time: Mon Jan  6 00:53:30 2025 India Standard Time elapsed time: 0.429354 seconds (0d 0h 0m 0s)

---------------  T H R E A D  ---------------

Current thread (0x000001c240a65c80):  JavaThread "C2 CompilerThread0" daemon [_thread_in_native, id=9144, stack(0x00000056e6c00000,0x00000056e6d00000)]


Current CompileTask:
C2:    429  453   !   4       java.util.zip.ZipFile::getEntry (59 bytes)

Stack: [0x00000056e6c00000,0x00000056e6d00000]
Native frames: (J=compiled Java code, j=interpreted, Vv=VM code, C=native code)
V  [jvm.dll+0x686d99]
V  [jvm.dll+0x83daf8]
V  [jvm.dll+0x83f5a3]
V  [jvm.dll+0x83fc13]
V  [jvm.dll+0x2492ef]
V  [jvm.dll+0xad0a4]
V  [jvm.dll+0xad73c]
V  [jvm.dll+0x2b09af]
V  [jvm.dll+0x58d829]
V  [jvm.dll+0x223592]
V  [jvm.dll+0x21c334]
V  [jvm.dll+0x21986b]
V  [jvm.dll+0x1a53e6]
V  [jvm.dll+0x229faa]
V  [jvm.dll+0x2280fb]
V  [jvm.dll+0x7f3508]
V  [jvm.dll+0x7ed87c]
V  [jvm.dll+0x685c77]
C  [ucrtbase.dll+0x21bb2]
C  [KERNEL32.DLL+0x17374]
C  [ntdll.dll+0x4cc91]


---------------  P R O C E S S  ---------------

Threads class SMR info:
_java_thread_list=0x000001c286429700, length=13, elements={
0x000001c21e2e0080, 0x000001c240a4f680, 0x000001c240a511a0, 0x000001c240a5ff80,
0x000001c240a61b50, 0x000001c240a64520, 0x000001c240a64ee0, 0x000001c240a65c80,
0x000001c240ad7a70, 0x000001c240ada830, 0x000001c240b952a0, 0x000001c240ba6030,
0x000001c2861f2fa0
}

Java Threads: ( => current thread )
  0x000001c21e2e0080 JavaThread "main" [_thread_in_Java, id=1564, stack(0x00000056e5f00000,0x00000056e6000000)]
  0x000001c240a4f680 JavaThread "Reference Handler" daemon [_thread_blocked, id=16968, stack(0x00000056e6600000,0x00000056e6700000)]
  0x000001c240a511a0 JavaThread "Finalizer" daemon [_thread_blocked, id=10596, stack(0x00000056e6700000,0x00000056e6800000)]
  0x000001c240a5ff80 JavaThread "Signal Dispatcher" daemon [_thread_blocked, id=10348, stack(0x00000056e6800000,0x00000056e6900000)]
  0x000001c240a61b50 JavaThread "Attach Listener" daemon [_thread_blocked, id=11488, stack(0x00000056e6900000,0x00000056e6a00000)]
  0x000001c240a64520 JavaThread "Service Thread" daemon [_thread_blocked, id=4932, stack(0x00000056e6a00000,0x00000056e6b00000)]
  0x000001c240a64ee0 JavaThread "Monitor Deflation Thread" daemon [_thread_blocked, id=1944, stack(0x00000056e6b00000,0x00000056e6c00000)]
=>0x000001c240a65c80 JavaThread "C2 CompilerThread0" daemon [_thread_in_native, id=9144, stack(0x00000056e6c00000,0x00000056e6d00000)]
  0x000001c240ad7a70 JavaThread "C1 CompilerThread0" daemon [_thread_in_native, id=19176, stack(0x00000056e6d00000,0x00000056e6e00000)]
  0x000001c240ada830 JavaThread "Sweeper thread" daemon [_thread_blocked, id=10644, stack(0x00000056e6e00000,0x00000056e6f00000)]
  0x000001c240b952a0 JavaThread "Notification Thread" daemon [_thread_blocked, id=3012, stack(0x00000056e6f00000,0x00000056e7000000)]
  0x000001c240ba6030 JavaThread "Common-Cleaner" daemon [_thread_blocked, id=13160, stack(0x00000056e7100000,0x00000056e7200000)]
  0x000001c2861f2fa0 JavaThread "C2 CompilerThread1" daemon [_thread_in_native, id=9380, stack(0x00000056e7200000,0x00000056e7300000)]

Other Threads:
  0x000001c240a49610 VMThread "VM Thread" [stack: 0x00000056e6500000,0x00000056e6600000] [id=20192]
  0x000001c240b9b7a0 WatcherThread [stack: 0x00000056e7000000,0x00000056e7100000] [id=15384]
  0x000001c21e34a610 GCTaskThread "GC Thread#0" [stack: 0x00000056e6000000,0x00000056e6100000] [id=19296]
  0x000001c21e35b3b0 ConcurrentGCThread "G1 Main Marker" [stack: 0x00000056e6100000,0x00000056e6200000] [id=21372]
  0x000001c21e35c6b0 ConcurrentGCThread "G1 Conc#0" [stack: 0x00000056e6200000,0x00000056e6300000] [id=4680]
  0x000001c2409024d0 ConcurrentGCThread "G1 Refine#0" [stack: 0x00000056e6300000,0x00000056e6400000] [id=21096]
  0x000001c21e39c480 ConcurrentGCThread "G1 Service" [stack: 0x00000056e6400000,0x00000056e6500000] [id=12700]

Threads with active compile tasks:
C2 CompilerThread0      455  453   !   4       java.util.zip.ZipFile::getEntry (59 bytes)
C1 CompilerThread0      455  499       3       java.io.DataInputStream::readFully (59 bytes)
C2 CompilerThread1      455  475       4       java.lang.String::startsWith (138 bytes)

VM state: not at safepoint (normal execution)

VM Mutex/Monitor currently owned by a thread: None

Heap address: 0x0000000701a00000, size: 4070 MB, Compressed Oops mode: Zero based, Oop shift amount: 3

CDS archive(s) mapped at: [0x000001c241000000-0x000001c241bb0000-0x000001c241bb0000), size 12255232, SharedBaseAddress: 0x000001c241000000, ArchiveRelocationMode: 1.
Compressed class space mapped at: 0x000001c242000000-0x000001c282000000, reserved size: 1073741824
Narrow klass base: 0x000001c241000000, Narrow klass shift: 0, Narrow klass range: 0x100000000

GC Precious Log:
 CPUs: 4 total, 4 available
 Memory: 16275M
 Large Page Support: Disabled
 NUMA Support: Disabled
 Compressed Oops: Enabled (Zero based)
 Heap Region Size: 2M
 Heap Min Capacity: 8M
 Heap Initial Capacity: 256M
 Heap Max Capacity: 4070M
 Pre-touch: Disabled
 Parallel Workers: 4
 Concurrent Workers: 1
 Concurrent Refinement Workers: 4
 Periodic GC: Disabled

Heap:
 garbage-first heap   total 262144K, used 4096K [0x0000000701a00000, 0x0000000800000000)
  region size 2048K, 4 young (8192K), 0 survivors (0K)
 Metaspace       used 1990K, committed 2112K, reserved 1114112K
  class space    used 178K, committed 256K, reserved 1048576K

Heap Regions: E=young(eden), S=young(survivor), O=old, HS=humongous(starts), HC=humongous(continues), CS=collection set, F=free, OA=open archive, CA=closed archive, TAMS=top-at-mark-start (previous, next)
|   0|0x0000000701a00000, 0x0000000701a00000, 0x0000000701c00000|  0%| F|  |TAMS 0x0000000701a00000, 0x0000000701a00000| Untracked 
|   1|0x0000000701c00000, 0x0000000701c00000, 0x0000000701e00000|  0%| F|  |TAMS 0x0000000701c00000, 0x0000000701c00000| Untracked 
|   2|0x0000000701e00000, 0x0000000701e00000, 0x0000000702000000|  0%| F|  |TAMS 0x0000000701e00000, 0x0000000701e00000| Untracked 
|   3|0x0000000702000000, 0x0000000702000000, 0x0000000702200000|  0%| F|  |TAMS 0x0000000702000000, 0x0000000702000000| Untracked 
|   4|0x0000000702200000, 0x0000000702200000, 0x0000000702400000|  0%| F|  |TAMS 0x0000000702200000, 0x0000000702200000| Untracked 
|   5|0x0000000702400000, 0x0000000702400000, 0x0000000702600000|  0%| F|  |TAMS 0x0000000702400000, 0x0000000702400000| Untracked 
|   6|0x0000000702600000, 0x0000000702600000, 0x0000000702800000|  0%| F|  |TAMS 0x0000000702600000, 0x0000000702600000| Untracked 
|   7|0x0000000702800000, 0x0000000702800000, 0x0000000702a00000|  0%| F|  |TAMS 0x0000000702800000, 0x0000000702800000| Untracked 
|   8|0x0000000702a00000, 0x0000000702a00000, 0x0000000702c00000|  0%| F|  |TAMS 0x0000000702a00000, 0x0000000702a00000| Untracked 
|   9|0x0000000702c00000, 0x0000000702c00000, 0x0000000702e00000|  0%| F|  |TAMS 0x0000000702c00000, 0x0000000702c00000| Untracked 
|  10|0x0000000702e00000, 0x0000000702e00000, 0x0000000703000000|  0%| F|  |TAMS 0x0000000702e00000, 0x0000000702e00000| Untracked 
|  11|0x0000000703000000, 0x0000000703000000, 0x0000000703200000|  0%| F|  |TAMS 0x0000000703000000, 0x0000000703000000| Untracked 
|  12|0x0000000703200000, 0x0000000703200000, 0x0000000703400000|  0%| F|  |TAMS 0x0000000703200000, 0x0000000703200000| Untracked 
|  13|0x0000000703400000, 0x0000000703400000, 0x0000000703600000|  0%| F|  |TAMS 0x0000000703400000, 0x0000000703400000| Untracked 
|  14|0x0000000703600000, 0x0000000703600000, 0x0000000703800000|  0%| F|  |TAMS 0x0000000703600000, 0x0000000703600000| Untracked 
|  15|0x0000000703800000, 0x0000000703800000, 0x0000000703a00000|  0%| F|  |TAMS 0x0000000703800000, 0x0000000703800000| Untracked 
|  16|0x0000000703a00000, 0x0000000703a00000, 0x0000000703c00000|  0%| F|  |TAMS 0x0000000703a00000, 0x0000000703a00000| Untracked 
|  17|0x0000000703c00000, 0x0000000703c00000, 0x0000000703e00000|  0%| F|  |TAMS 0x0000000703c00000, 0x0000000703c00000| Untracked 
|  18|0x0000000703e00000, 0x0000000703e00000, 0x0000000704000000|  0%| F|  |TAMS 0x0000000703e00000, 0x0000000703e00000| Untracked 
|  19|0x0000000704000000, 0x0000000704000000, 0x0000000704200000|  0%| F|  |TAMS 0x0000000704000000, 0x0000000704000000| Untracked 
|  20|0x0000000704200000, 0x0000000704200000, 0x0000000704400000|  0%| F|  |TAMS 0x0000000704200000, 0x0000000704200000| Untracked 
|  21|0x0000000704400000, 0x0000000704400000, 0x0000000704600000|  0%| F|  |TAMS 0x0000000704400000, 0x0000000704400000| Untracked 
|  22|0x0000000704600000, 0x0000000704600000, 0x0000000704800000|  0%| F|  |TAMS 0x0000000704600000, 0x0000000704600000| Untracked 
|  23|0x0000000704800000, 0x0000000704800000, 0x0000000704a00000|  0%| F|  |TAMS 0x0000000704800000, 0x0000000704800000| Untracked 
|  24|0x0000000704a00000, 0x0000000704a00000, 0x0000000704c00000|  0%| F|  |TAMS 0x0000000704a00000, 0x0000000704a00000| Untracked 
|  25|0x0000000704c00000, 0x0000000704c00000, 0x0000000704e00000|  0%| F|  |TAMS 0x0000000704c00000, 0x0000000704c00000| Untracked 
|  26|0x0000000704e00000, 0x0000000704e00000, 0x0000000705000000|  0%| F|  |TAMS 0x0000000704e00000, 0x0000000704e00000| Untracked 
|  27|0x0000000705000000, 0x0000000705000000, 0x0000000705200000|  0%| F|  |TAMS 0x0000000705000000, 0x0000000705000000| Untracked 
|  28|0x0000000705200000, 0x0000000705200000, 0x0000000705400000|  0%| F|  |TAMS 0x0000000705200000, 0x0000000705200000| Untracked 
|  29|0x0000000705400000, 0x0000000705400000, 0x0000000705600000|  0%| F|  |TAMS 0x0000000705400000, 0x0000000705400000| Untracked 
|  30|0x0000000705600000, 0x0000000705600000, 0x0000000705800000|  0%| F|  |TAMS 0x0000000705600000, 0x0000000705600000| Untracked 
|  31|0x0000000705800000, 0x0000000705800000, 0x0000000705a00000|  0%| F|  |TAMS 0x0000000705800000, 0x0000000705800000| Untracked 
|  32|0x0000000705a00000, 0x0000000705a00000, 0x0000000705c00000|  0%| F|  |TAMS 0x0000000705a00000, 0x0000000705a00000| Untracked 
|  33|0x0000000705c00000, 0x0000000705c00000, 0x0000000705e00000|  0%| F|  |TAMS 0x0000000705c00000, 0x0000000705c00000| Untracked 
|  34|0x0000000705e00000, 0x0000000705e00000, 0x0000000706000000|  0%| F|  |TAMS 0x0000000705e00000, 0x0000000705e00000| Untracked 
|  35|0x0000000706000000, 0x0000000706000000, 0x0000000706200000|  0%| F|  |TAMS 0x0000000706000000, 0x0000000706000000| Untracked 
|  36|0x0000000706200000, 0x0000000706200000, 0x0000000706400000|  0%| F|  |TAMS 0x0000000706200000, 0x0000000706200000| Untracked 
|  37|0x0000000706400000, 0x0000000706400000, 0x0000000706600000|  0%| F|  |TAMS 0x0000000706400000, 0x0000000706400000| Untracked 
|  38|0x0000000706600000, 0x0000000706600000, 0x0000000706800000|  0%| F|  |TAMS 0x0000000706600000, 0x0000000706600000| Untracked 
|  39|0x0000000706800000, 0x0000000706800000, 0x0000000706a00000|  0%| F|  |TAMS 0x0000000706800000, 0x0000000706800000| Untracked 
|  40|0x0000000706a00000, 0x0000000706a00000, 0x0000000706c00000|  0%| F|  |TAMS 0x0000000706a00000, 0x0000000706a00000| Untracked 
|  41|0x0000000706c00000, 0x0000000706c00000, 0x0000000706e00000|  0%| F|  |TAMS 0x0000000706c00000, 0x0000000706c00000| Untracked 
|  42|0x0000000706e00000, 0x0000000706e00000, 0x0000000707000000|  0%| F|  |TAMS 0x0000000706e00000, 0x0000000706e00000| Untracked 
|  43|0x0000000707000000, 0x0000000707000000, 0x0000000707200000|  0%| F|  |TAMS 0x0000000707000000, 0x0000000707000000| Untracked 
|  44|0x0000000707200000, 0x0000000707200000, 0x0000000707400000|  0%| F|  |TAMS 0x0000000707200000, 0x0000000707200000| Untracked 
|  45|0x0000000707400000, 0x0000000707400000, 0x0000000707600000|  0%| F|  |TAMS 0x0000000707400000, 0x0000000707400000| Untracked 
|  46|0x0000000707600000, 0x0000000707600000, 0x0000000707800000|  0%| F|  |TAMS 0x0000000707600000, 0x0000000707600000| Untracked 
|  47|0x0000000707800000, 0x0000000707800000, 0x0000000707a00000|  0%| F|  |TAMS 0x0000000707800000, 0x0000000707800000| Untracked 
|  48|0x0000000707a00000, 0x0000000707a00000, 0x0000000707c00000|  0%| F|  |TAMS 0x0000000707a00000, 0x0000000707a00000| Untracked 
|  49|0x0000000707c00000, 0x0000000707c00000, 0x0000000707e00000|  0%| F|  |TAMS 0x0000000707c00000, 0x0000000707c00000| Untracked 
|  50|0x0000000707e00000, 0x0000000707e00000, 0x0000000708000000|  0%| F|  |TAMS 0x0000000707e00000, 0x0000000707e00000| Untracked 
|  51|0x0000000708000000, 0x0000000708000000, 0x0000000708200000|  0%| F|  |TAMS 0x0000000708000000, 0x0000000708000000| Untracked 
|  52|0x0000000708200000, 0x0000000708200000, 0x0000000708400000|  0%| F|  |TAMS 0x0000000708200000, 0x0000000708200000| Untracked 
|  53|0x0000000708400000, 0x0000000708400000, 0x0000000708600000|  0%| F|  |TAMS 0x0000000708400000, 0x0000000708400000| Untracked 
|  54|0x0000000708600000, 0x0000000708600000, 0x0000000708800000|  0%| F|  |TAMS 0x0000000708600000, 0x0000000708600000| Untracked 
|  55|0x0000000708800000, 0x0000000708800000, 0x0000000708a00000|  0%| F|  |TAMS 0x0000000708800000, 0x0000000708800000| Untracked 
|  56|0x0000000708a00000, 0x0000000708a00000, 0x0000000708c00000|  0%| F|  |TAMS 0x0000000708a00000, 0x0000000708a00000| Untracked 
|  57|0x0000000708c00000, 0x0000000708c00000, 0x0000000708e00000|  0%| F|  |TAMS 0x0000000708c00000, 0x0000000708c00000| Untracked 
|  58|0x0000000708e00000, 0x0000000708e00000, 0x0000000709000000|  0%| F|  |TAMS 0x0000000708e00000, 0x0000000708e00000| Untracked 
|  59|0x0000000709000000, 0x0000000709000000, 0x0000000709200000|  0%| F|  |TAMS 0x0000000709000000, 0x0000000709000000| Untracked 
|  60|0x0000000709200000, 0x0000000709200000, 0x0000000709400000|  0%| F|  |TAMS 0x0000000709200000, 0x0000000709200000| Untracked 
|  61|0x0000000709400000, 0x0000000709400000, 0x0000000709600000|  0%| F|  |TAMS 0x0000000709400000, 0x0000000709400000| Untracked 
|  62|0x0000000709600000, 0x0000000709600000, 0x0000000709800000|  0%| F|  |TAMS 0x0000000709600000, 0x0000000709600000| Untracked 
|  63|0x0000000709800000, 0x0000000709800000, 0x0000000709a00000|  0%| F|  |TAMS 0x0000000709800000, 0x0000000709800000| Untracked 
|  64|0x0000000709a00000, 0x0000000709a00000, 0x0000000709c00000|  0%| F|  |TAMS 0x0000000709a00000, 0x0000000709a00000| Untracked 
|  65|0x0000000709c00000, 0x0000000709c00000, 0x0000000709e00000|  0%| F|  |TAMS 0x0000000709c00000, 0x0000000709c00000| Untracked 
|  66|0x0000000709e00000, 0x0000000709e00000, 0x000000070a000000|  0%| F|  |TAMS 0x0000000709e00000, 0x0000000709e00000| Untracked 
|  67|0x000000070a000000, 0x000000070a000000, 0x000000070a200000|  0%| F|  |TAMS 0x000000070a000000, 0x000000070a000000| Untracked 
|  68|0x000000070a200000, 0x000000070a200000, 0x000000070a400000|  0%| F|  |TAMS 0x000000070a200000, 0x000000070a200000| Untracked 
|  69|0x000000070a400000, 0x000000070a400000, 0x000000070a600000|  0%| F|  |TAMS 0x000000070a400000, 0x000000070a400000| Untracked 
|  70|0x000000070a600000, 0x000000070a600000, 0x000000070a800000|  0%| F|  |TAMS 0x000000070a600000, 0x000000070a600000| Untracked 
|  71|0x000000070a800000, 0x000000070a800000, 0x000000070aa00000|  0%| F|  |TAMS 0x000000070a800000, 0x000000070a800000| Untracked 
|  72|0x000000070aa00000, 0x000000070aa00000, 0x000000070ac00000|  0%| F|  |TAMS 0x000000070aa00000, 0x000000070aa00000| Untracked 
|  73|0x000000070ac00000, 0x000000070ac00000, 0x000000070ae00000|  0%| F|  |TAMS 0x000000070ac00000, 0x000000070ac00000| Untracked 
|  74|0x000000070ae00000, 0x000000070ae00000, 0x000000070b000000|  0%| F|  |TAMS 0x000000070ae00000, 0x000000070ae00000| Untracked 
|  75|0x000000070b000000, 0x000000070b000000, 0x000000070b200000|  0%| F|  |TAMS 0x000000070b000000, 0x000000070b000000| Untracked 
|  76|0x000000070b200000, 0x000000070b200000, 0x000000070b400000|  0%| F|  |TAMS 0x000000070b200000, 0x000000070b200000| Untracked 
|  77|0x000000070b400000, 0x000000070b400000, 0x000000070b600000|  0%| F|  |TAMS 0x000000070b400000, 0x000000070b400000| Untracked 
|  78|0x000000070b600000, 0x000000070b600000, 0x000000070b800000|  0%| F|  |TAMS 0x000000070b600000, 0x000000070b600000| Untracked 
|  79|0x000000070b800000, 0x000000070b800000, 0x000000070ba00000|  0%| F|  |TAMS 0x000000070b800000, 0x000000070b800000| Untracked 
|  80|0x000000070ba00000, 0x000000070ba00000, 0x000000070bc00000|  0%| F|  |TAMS 0x000000070ba00000, 0x000000070ba00000| Untracked 
|  81|0x000000070bc00000, 0x000000070bc00000, 0x000000070be00000|  0%| F|  |TAMS 0x000000070bc00000, 0x000000070bc00000| Untracked 
|  82|0x000000070be00000, 0x000000070be00000, 0x000000070c000000|  0%| F|  |TAMS 0x000000070be00000, 0x000000070be00000| Untracked 
|  83|0x000000070c000000, 0x000000070c000000, 0x000000070c200000|  0%| F|  |TAMS 0x000000070c000000, 0x000000070c000000| Untracked 
|  84|0x000000070c200000, 0x000000070c200000, 0x000000070c400000|  0%| F|  |TAMS 0x000000070c200000, 0x000000070c200000| Untracked 
|  85|0x000000070c400000, 0x000000070c400000, 0x000000070c600000|  0%| F|  |TAMS 0x000000070c400000, 0x000000070c400000| Untracked 
|  86|0x000000070c600000, 0x000000070c600000, 0x000000070c800000|  0%| F|  |TAMS 0x000000070c600000, 0x000000070c600000| Untracked 
|  87|0x000000070c800000, 0x000000070c800000, 0x000000070ca00000|  0%| F|  |TAMS 0x000000070c800000, 0x000000070c800000| Untracked 
|  88|0x000000070ca00000, 0x000000070ca00000, 0x000000070cc00000|  0%| F|  |TAMS 0x000000070ca00000, 0x000000070ca00000| Untracked 
|  89|0x000000070cc00000, 0x000000070cc00000, 0x000000070ce00000|  0%| F|  |TAMS 0x000000070cc00000, 0x000000070cc00000| Untracked 
|  90|0x000000070ce00000, 0x000000070ce00000, 0x000000070d000000|  0%| F|  |TAMS 0x000000070ce00000, 0x000000070ce00000| Untracked 
|  91|0x000000070d000000, 0x000000070d000000, 0x000000070d200000|  0%| F|  |TAMS 0x000000070d000000, 0x000000070d000000| Untracked 
|  92|0x000000070d200000, 0x000000070d200000, 0x000000070d400000|  0%| F|  |TAMS 0x000000070d200000, 0x000000070d200000| Untracked 
|  93|0x000000070d400000, 0x000000070d400000, 0x000000070d600000|  0%| F|  |TAMS 0x000000070d400000, 0x000000070d400000| Untracked 
|  94|0x000000070d600000, 0x000000070d600000, 0x000000070d800000|  0%| F|  |TAMS 0x000000070d600000, 0x000000070d600000| Untracked 
|  95|0x000000070d800000, 0x000000070d800000, 0x000000070da00000|  0%| F|  |TAMS 0x000000070d800000, 0x000000070d800000| Untracked 
|  96|0x000000070da00000, 0x000000070da00000, 0x000000070dc00000|  0%| F|  |TAMS 0x000000070da00000, 0x000000070da00000| Untracked 
|  97|0x000000070dc00000, 0x000000070dc00000, 0x000000070de00000|  0%| F|  |TAMS 0x000000070dc00000, 0x000000070dc00000| Untracked 
|  98|0x000000070de00000, 0x000000070de00000, 0x000000070e000000|  0%| F|  |TAMS 0x000000070de00000, 0x000000070de00000| Untracked 
|  99|0x000000070e000000, 0x000000070e000000, 0x000000070e200000|  0%| F|  |TAMS 0x000000070e000000, 0x000000070e000000| Untracked 
| 100|0x000000070e200000, 0x000000070e200000, 0x000000070e400000|  0%| F|  |TAMS 0x000000070e200000, 0x000000070e200000| Untracked 
| 101|0x000000070e400000, 0x000000070e400000, 0x000000070e600000|  0%| F|  |TAMS 0x000000070e400000, 0x000000070e400000| Untracked 
| 102|0x000000070e600000, 0x000000070e600000, 0x000000070e800000|  0%| F|  |TAMS 0x000000070e600000, 0x000000070e600000| Untracked 
| 103|0x000000070e800000, 0x000000070e800000, 0x000000070ea00000|  0%| F|  |TAMS 0x000000070e800000, 0x000000070e800000| Untracked 
| 104|0x000000070ea00000, 0x000000070ea00000, 0x000000070ec00000|  0%| F|  |TAMS 0x000000070ea00000, 0x000000070ea00000| Untracked 
| 105|0x000000070ec00000, 0x000000070ec00000, 0x000000070ee00000|  0%| F|  |TAMS 0x000000070ec00000, 0x000000070ec00000| Untracked 
| 106|0x000000070ee00000, 0x000000070ee00000, 0x000000070f000000|  0%| F|  |TAMS 0x000000070ee00000, 0x000000070ee00000| Untracked 
| 107|0x000000070f000000, 0x000000070f000000, 0x000000070f200000|  0%| F|  |TAMS 0x000000070f000000, 0x000000070f000000| Untracked 
| 108|0x000000070f200000, 0x000000070f200000, 0x000000070f400000|  0%| F|  |TAMS 0x000000070f200000, 0x000000070f200000| Untracked 
| 109|0x000000070f400000, 0x000000070f400000, 0x000000070f600000|  0%| F|  |TAMS 0x000000070f400000, 0x000000070f400000| Untracked 
| 110|0x000000070f600000, 0x000000070f600000, 0x000000070f800000|  0%| F|  |TAMS 0x000000070f600000, 0x000000070f600000| Untracked 
| 111|0x000000070f800000, 0x000000070f800000, 0x000000070fa00000|  0%| F|  |TAMS 0x000000070f800000, 0x000000070f800000| Untracked 
| 112|0x000000070fa00000, 0x000000070fa00000, 0x000000070fc00000|  0%| F|  |TAMS 0x000000070fa00000, 0x000000070fa00000| Untracked 
| 113|0x000000070fc00000, 0x000000070fc00000, 0x000000070fe00000|  0%| F|  |TAMS 0x000000070fc00000, 0x000000070fc00000| Untracked 
| 114|0x000000070fe00000, 0x000000070fe00000, 0x0000000710000000|  0%| F|  |TAMS 0x000000070fe00000, 0x000000070fe00000| Untracked 
| 115|0x0000000710000000, 0x0000000710000000, 0x0000000710200000|  0%| F|  |TAMS 0x0000000710000000, 0x0000000710000000| Untracked 
| 116|0x0000000710200000, 0x0000000710200000, 0x0000000710400000|  0%| F|  |TAMS 0x0000000710200000, 0x0000000710200000| Untracked 
| 117|0x0000000710400000, 0x0000000710400000, 0x0000000710600000|  0%| F|  |TAMS 0x0000000710400000, 0x0000000710400000| Untracked 
| 118|0x0000000710600000, 0x0000000710600000, 0x0000000710800000|  0%| F|  |TAMS 0x0000000710600000, 0x0000000710600000| Untracked 
| 119|0x0000000710800000, 0x0000000710800000, 0x0000000710a00000|  0%| F|  |TAMS 0x0000000710800000, 0x0000000710800000| Untracked 
| 120|0x0000000710a00000, 0x0000000710a00000, 0x0000000710c00000|  0%| F|  |TAMS 0x0000000710a00000, 0x0000000710a00000| Untracked 
| 121|0x0000000710c00000, 0x0000000710c00000, 0x0000000710e00000|  0%| F|  |TAMS 0x0000000710c00000, 0x0000000710c00000| Untracked 
| 122|0x0000000710e00000, 0x0000000710e00000, 0x0000000711000000|  0%| F|  |TAMS 0x0000000710e00000, 0x0000000710e00000| Untracked 
| 123|0x0000000711000000, 0x0000000711000000, 0x0000000711200000|  0%| F|  |TAMS 0x0000000711000000, 0x0000000711000000| Untracked 
| 124|0x0000000711200000, 0x00000007113ed928, 0x0000000711400000| 96%| E|  |TAMS 0x0000000711200000, 0x0000000711200000| Complete 
| 125|0x0000000711400000, 0x0000000711600000, 0x0000000711600000|100%| E|CS|TAMS 0x0000000711400000, 0x0000000711400000| Complete 
| 126|0x0000000711600000, 0x0000000711800000, 0x0000000711800000|100%| E|  |TAMS 0x0000000711600000, 0x0000000711600000| Complete 
| 127|0x0000000711800000, 0x0000000711a00000, 0x0000000711a00000|100%| E|CS|TAMS 0x0000000711800000, 0x0000000711800000| Complete 

Card table byte_map: [0x000001c235610000,0x000001c235e10000] _byte_map_base: 0x000001c231e03000

Marking Bits (Prev, Next): (CMBitMap*) 0x000001c21e34ac30, (CMBitMap*) 0x000001c21e34ac70
 Prev Bits: [0x000001c236610000, 0x000001c23a5a8000)
 Next Bits: [0x000001c23a5b0000, 0x000001c23e548000)

Polling page: 0x000001c21c040000

Metaspace:

Usage:
  Non-class:      1.78 MB used.
      Class:    179.85 KB used.
       Both:      1.95 MB used.

Virtual space:
  Non-class space:       64.00 MB reserved,       1.81 MB (  3%) committed,  1 nodes.
      Class space:        1.00 GB reserved,     256.00 KB ( <1%) committed,  1 nodes.
             Both:        1.06 GB reserved,       2.06 MB ( <1%) committed. 

Chunk freelists:
   Non-Class:  11.33 MB
       Class:  15.64 MB
        Both:  26.96 MB

MaxMetaspaceSize: unlimited
CompressedClassSpaceSize: 1.00 GB
Initial GC threshold: 21.00 MB
Current GC threshold: 21.00 MB
CDS: on
MetaspaceReclaimPolicy: balanced
 - commit_granule_bytes: 65536.
 - commit_granule_words: 8192.
 - virtual_space_node_default_size: 8388608.
 - enlarge_chunks_in_place: 1.
 - new_chunks_are_fully_committed: 0.
 - uncommit_free_chunks: 1.
 - use_allocation_guard: 0.
 - handle_deallocations: 1.


Internal statistics:

num_allocs_failed_limit: 0.
num_arena_births: 48.
num_arena_deaths: 0.
num_vsnodes_births: 2.
num_vsnodes_deaths: 0.
num_space_committed: 33.
num_space_uncommitted: 0.
num_chunks_returned_to_freelist: 0.
num_chunks_taken_from_freelist: 89.
num_chunk_merges: 0.
num_chunk_splits: 56.
num_chunks_enlarged: 38.
num_inconsistent_stats: 0.

CodeHeap 'non-profiled nmethods': size=120000Kb used=167Kb max_used=167Kb free=119832Kb
 bounds [0x000001c22d8e0000, 0x000001c22db50000, 0x000001c234e10000]
CodeHeap 'profiled nmethods': size=120000Kb used=837Kb max_used=837Kb free=119162Kb
 bounds [0x000001c225e10000, 0x000001c226080000, 0x000001c22d340000]
CodeHeap 'non-nmethods': size=5760Kb used=1127Kb max_used=1141Kb free=4632Kb
 bounds [0x000001c22d340000, 0x000001c22d5b0000, 0x000001c22d8e0000]
 total_blobs=908 nmethods=498 adapters=323
 compilation: enabled
              stopped_count=0, restarted_count=0
 full_count=0

Compilation events (20 events):
Event: 0.422 Thread 0x000001c240ad7a70  429       1       java.lang.invoke.MethodTypeForm::erasedType (5 bytes)
Event: 0.422 Thread 0x000001c240a65c80  453   !   4       java.util.zip.ZipFile::getEntry (59 bytes)
Event: 0.422 Thread 0x000001c240ad7a70 nmethod 429 0x000001c22d907c10 code [0x000001c22d907da0, 0x000001c22d907e78]
Event: 0.423 Thread 0x000001c240ad7a70  454       1       jdk.internal.jimage.ImageHeader::getTableLength (5 bytes)
Event: 0.423 Thread 0x000001c240ad7a70 nmethod 454 0x000001c22d907f10 code [0x000001c22d9080a0, 0x000001c22d908178]
Event: 0.423 Thread 0x000001c240ad7a70  455       3       java.util.concurrent.ConcurrentHashMap$Traverser::advance (188 bytes)
Event: 0.424 Thread 0x000001c240ad7a70 nmethod 455 0x000001c225ec0a90 code [0x000001c225ec0ce0, 0x000001c225ec1908]
Event: 0.424 Thread 0x000001c240ad7a70  456   !   3       java.nio.DirectIntBufferU::get (34 bytes)
Event: 0.425 Thread 0x000001c240ad7a70 nmethod 456 0x000001c225ec1b90 code [0x000001c225ec1dc0, 0x000001c225ec2618]
Event: 0.425 Thread 0x000001c240ad7a70  457       3       java.nio.DirectIntBufferU::ix (10 bytes)
Event: 0.425 Thread 0x000001c240ad7a70 nmethod 457 0x000001c225ec2a90 code [0x000001c225ec2c20, 0x000001c225ec2d38]
Event: 0.425 Thread 0x000001c240ad7a70  460       3       jdk.internal.org.objectweb.asm.SymbolTable$Entry::<init> (17 bytes)
Event: 0.425 Thread 0x000001c240ad7a70 nmethod 460 0x000001c225ec2e10 code [0x000001c225ec2fc0, 0x000001c225ec3148]
Event: 0.425 Thread 0x000001c240ad7a70  459       3       jdk.internal.org.objectweb.asm.Frame::push (109 bytes)
Event: 0.426 Thread 0x000001c240ad7a70 nmethod 459 0x000001c225ec3210 code [0x000001c225ec33e0, 0x000001c225ec3988]
Event: 0.426 Thread 0x000001c240ad7a70  464       3       jdk.internal.org.objectweb.asm.SymbolTable::addConstantUtf8 (98 bytes)
Event: 0.427 Thread 0x000001c240ad7a70 nmethod 464 0x000001c225ec3b90 code [0x000001c225ec3dc0, 0x000001c225ec43b8]
Event: 0.427 Thread 0x000001c240ad7a70  461       3       jdk.internal.org.objectweb.asm.ByteVector::putByte (39 bytes)
Event: 0.427 Thread 0x000001c240ad7a70 nmethod 461 0x000001c225ec4710 code [0x000001c225ec48c0, 0x000001c225ec4aa8]
Event: 0.427 Thread 0x000001c240ad7a70  463       3       jdk.internal.org.objectweb.asm.MethodWriter::visitVarInsn (302 bytes)

GC Heap History (0 events):
No events

Dll operation events (6 events):
Event: 0.016 Loaded shared library C:\Program Files\Microsoft\jdk-17.0.12.7-hotspot\bin\java.dll
Event: 0.055 Loaded shared library C:\Program Files\Microsoft\jdk-17.0.12.7-hotspot\bin\jsvml.dll
Event: 0.180 Loaded shared library C:\Program Files\Microsoft\jdk-17.0.12.7-hotspot\bin\net.dll
Event: 0.182 Loaded shared library C:\Program Files\Microsoft\jdk-17.0.12.7-hotspot\bin\nio.dll
Event: 0.185 Loaded shared library C:\Program Files\Microsoft\jdk-17.0.12.7-hotspot\bin\zip.dll
Event: 0.328 Loaded shared library C:\Program Files\Microsoft\jdk-17.0.12.7-hotspot\bin\jimage.dll

Deoptimization events (18 events):
Event: 0.265 Thread 0x000001c21e2e0080 DEOPT PACKING pc=0x000001c225e26f67 sp=0x00000056e5ffb190
Event: 0.265 Thread 0x000001c21e2e0080 DEOPT UNPACKING pc=0x000001c22d397143 sp=0x00000056e5ffa5b0 mode 0
Event: 0.338 Thread 0x000001c21e2e0080 Uncommon trap: trap_request=0xffffff45 fr.pc=0x000001c22d8eaa64 relative=0x0000000000000064
Event: 0.338 Thread 0x000001c21e2e0080 Uncommon trap: reason=unstable_if action=reinterpret pc=0x000001c22d8eaa64 method=java.io.WinNTFileSystem.isSlash(C)Z @ 9 c2
Event: 0.338 Thread 0x000001c21e2e0080 DEOPT PACKING pc=0x000001c22d8eaa64 sp=0x00000056e5ffdfd0
Event: 0.338 Thread 0x000001c21e2e0080 DEOPT UNPACKING pc=0x000001c22d3969a3 sp=0x00000056e5ffdf58 mode 2
Event: 0.356 Thread 0x000001c21e2e0080 DEOPT PACKING pc=0x000001c225e38956 sp=0x00000056e5ff86d0
Event: 0.356 Thread 0x000001c21e2e0080 DEOPT UNPACKING pc=0x000001c22d397143 sp=0x00000056e5ff7b70 mode 0
Event: 0.380 Thread 0x000001c21e2e0080 Uncommon trap: trap_request=0xffffff6e fr.pc=0x000001c22d8f6660 relative=0x0000000000000160
Event: 0.380 Thread 0x000001c21e2e0080 Uncommon trap: reason=loop_limit_check action=maybe_recompile pc=0x000001c22d8f6660 method=java.lang.StringLatin1.lastIndexOf([BII)I @ 19 c2
Event: 0.380 Thread 0x000001c21e2e0080 DEOPT PACKING pc=0x000001c22d8f6660 sp=0x00000056e5ffd0a0
Event: 0.380 Thread 0x000001c21e2e0080 DEOPT UNPACKING pc=0x000001c22d3969a3 sp=0x00000056e5ffd020 mode 2
Event: 0.384 Thread 0x000001c21e2e0080 Uncommon trap: trap_request=0xffffff45 fr.pc=0x000001c22d8f9088 relative=0x0000000000000268
Event: 0.384 Thread 0x000001c21e2e0080 Uncommon trap: reason=unstable_if action=reinterpret pc=0x000001c22d8f9088 method=java.io.BufferedReader.read()I @ 19 c2
Event: 0.384 Thread 0x000001c21e2e0080 DEOPT PACKING pc=0x000001c22d8f9088 sp=0x00000056e5ffd170
Event: 0.384 Thread 0x000001c21e2e0080 DEOPT UNPACKING pc=0x000001c22d3969a3 sp=0x00000056e5ffd0b0 mode 2
Event: 0.399 Thread 0x000001c21e2e0080 DEOPT PACKING pc=0x000001c225e5aee5 sp=0x00000056e5ffd1a0
Event: 0.399 Thread 0x000001c21e2e0080 DEOPT UNPACKING pc=0x000001c22d397143 sp=0x00000056e5ffc5f0 mode 0

Classes loaded (20 events):
Event: 0.387 Loading class java/net/SocketPermissionCollection
Event: 0.387 Loading class java/net/SocketPermissionCollection done
Event: 0.387 Loading class java/net/SocketPermissionCollection$1
Event: 0.387 Loading class java/net/SocketPermissionCollection$1 done
Event: 0.387 Loading class java/util/PropertyPermissionCollection
Event: 0.387 Loading class java/util/PropertyPermissionCollection done
Event: 0.387 Loading class java/util/PropertyPermissionCollection$1
Event: 0.387 Loading class java/util/PropertyPermissionCollection$1 done
Event: 0.388 Loading class java/io/FilePermissionCollection
Event: 0.388 Loading class java/io/FilePermissionCollection done
Event: 0.388 Loading class java/io/FilePermissionCollection$1
Event: 0.388 Loading class java/io/FilePermissionCollection$1 done
Event: 0.388 Loading class java/security/PermissionsEnumerator
Event: 0.388 Loading class java/security/PermissionsEnumerator done
Event: 0.388 Loading class java/security/AccessControlException
Event: 0.388 Loading class java/security/AccessControlException done
Event: 0.396 Loading class java/util/zip/ZipFile$ZipEntryIterator
Event: 0.396 Loading class java/util/zip/ZipFile$ZipEntryIterator done
Event: 0.423 Loading class java/net/MalformedURLException
Event: 0.423 Loading class java/net/MalformedURLException done

Classes unloaded (0 events):
No events

Classes redefined (0 events):
No events

Internal exceptions (4 events):
Event: 0.382 Thread 0x000001c21e2e0080 Exception <a 'java/lang/ClassNotFoundException'{0x0000000711289658}: javax/smartcardio/CardPermission> (0x0000000711289658) 
thrown [s\src\hotspot\share\classfile\systemDictionary.cpp, line 256]
Event: 0.386 Thread 0x000001c21e2e0080 Exception <a 'java/io/FileNotFoundException'{0x0000000711297d30}> (0x0000000711297d30) 
thrown [s\src\hotspot\share\prims\jni.cpp, line 516]
Event: 0.420 Thread 0x000001c21e2e0080 Exception <a 'java/lang/NoSuchMethodError'{0x000000071131cb08}: 'java.lang.Object java.lang.invoke.DirectMethodHandle$Holder.invokeSpecial(java.lang.Object, java.lang.Object, java.lang.Object, long, java.lang.Object)'> (0x000000071131cb08) 
thrown [s\src\hotspot\share\interpreter\linkResolver.cpp, line 759]
Event: 0.421 Thread 0x000001c21e2e0080 Exception <a 'java/lang/NoSuchMethodError'{0x00000007113207a8}: 'java.lang.Object java.lang.invoke.Invokers$Holder.linkToTargetMethod(java.lang.Object, long, java.lang.Object, java.lang.Object)'> (0x00000007113207a8) 
thrown [s\src\hotspot\share\interpreter\linkResolver.cpp, line 759]

VM Operations (4 events):
Event: 0.193 Executing VM operation: HandshakeAllThreads
Event: 0.193 Executing VM operation: HandshakeAllThreads done
Event: 0.338 Executing VM operation: HandshakeAllThreads
Event: 0.338 Executing VM operation: HandshakeAllThreads done

Events (12 events):
Event: 0.055 Thread 0x000001c21e2e0080 Thread added: 0x000001c21e2e0080
Event: 0.061 Thread 0x000001c240a4f680 Thread added: 0x000001c240a4f680
Event: 0.062 Thread 0x000001c240a511a0 Thread added: 0x000001c240a511a0
Event: 0.074 Thread 0x000001c240a5ff80 Thread added: 0x000001c240a5ff80
Event: 0.074 Thread 0x000001c240a61b50 Thread added: 0x000001c240a61b50
Event: 0.075 Thread 0x000001c240a64520 Thread added: 0x000001c240a64520
Event: 0.075 Thread 0x000001c240a64ee0 Thread added: 0x000001c240a64ee0
Event: 0.075 Thread 0x000001c240a65c80 Thread added: 0x000001c240a65c80
Event: 0.089 Thread 0x000001c240ad7a70 Thread added: 0x000001c240ad7a70
Event: 0.093 Thread 0x000001c240ada830 Thread added: 0x000001c240ada830
Event: 0.167 Thread 0x000001c240b952a0 Thread added: 0x000001c240b952a0
Event: 0.172 Thread 0x000001c240ba6030 Thread added: 0x000001c240ba6030


Dynamic libraries:
0x00007ff622760000 - 0x00007ff62276e000 	C:\Program Files\Microsoft\jdk-17.0.12.7-hotspot\bin\javaw.exe
0x00007ffa52f10000 - 0x00007ffa53108000 	C:\Windows\SYSTEM32\ntdll.dll
0x00007ffa517a0000 - 0x00007ffa51862000 	C:\Windows\System32\KERNEL32.DLL
0x00007ffa508c0000 - 0x00007ffa50bbe000 	C:\Windows\System32\KERNELBASE.dll
0x00007ffa50d10000 - 0x00007ffa50e10000 	C:\Windows\System32\ucrtbase.dll
0x00007ffa48b40000 - 0x00007ffa48b57000 	C:\Program Files\Microsoft\jdk-17.0.12.7-hotspot\bin\jli.dll
0x00007ffa51040000 - 0x00007ffa511dd000 	C:\Windows\System32\USER32.dll
0x00007ffa505b0000 - 0x00007ffa505d2000 	C:\Windows\System32\win32u.dll
0x00007ffa51410000 - 0x00007ffa5143b000 	C:\Windows\System32\GDI32.dll
0x00007ffa50e10000 - 0x00007ffa50f27000 	C:\Windows\System32\gdi32full.dll
0x00007ffa50820000 - 0x00007ffa508bd000 	C:\Windows\System32\msvcp_win.dll
0x00007ffa48ae0000 - 0x00007ffa48afd000 	C:\Program Files\Microsoft\jdk-17.0.12.7-hotspot\bin\VCRUNTIME140.dll
0x00007ffa46540000 - 0x00007ffa467da000 	C:\Windows\WinSxS\amd64_microsoft.windows.common-controls_6595b64144ccf1df_6.0.19041.4355_none_60b8b9eb71f62e16\COMCTL32.dll
0x00007ffa51f90000 - 0x00007ffa5202e000 	C:\Windows\System32\msvcrt.dll
0x00007ffa51240000 - 0x00007ffa5126f000 	C:\Windows\System32\IMM32.DLL
0x00007ffa4a990000 - 0x00007ffa4a99c000 	C:\Program Files\Microsoft\jdk-17.0.12.7-hotspot\bin\vcruntime140_1.dll
0x00007ffa360b0000 - 0x00007ffa3613d000 	C:\Program Files\Microsoft\jdk-17.0.12.7-hotspot\bin\msvcp140.dll
0x00007ffa10e60000 - 0x00007ffa11ad0000 	C:\Program Files\Microsoft\jdk-17.0.12.7-hotspot\bin\server\jvm.dll
0x00007ffa520a0000 - 0x00007ffa52151000 	C:\Windows\System32\ADVAPI32.dll
0x00007ffa51870000 - 0x00007ffa5190f000 	C:\Windows\System32\sechost.dll
0x00007ffa51280000 - 0x00007ffa513a3000 	C:\Windows\System32\RPCRT4.dll
0x00007ffa507f0000 - 0x00007ffa50817000 	C:\Windows\System32\bcrypt.dll
0x00007ffa52030000 - 0x00007ffa5209b000 	C:\Windows\System32\WS2_32.dll
0x00007ffa50410000 - 0x00007ffa5045b000 	C:\Windows\SYSTEM32\POWRPROF.dll
0x00007ffa46f80000 - 0x00007ffa46fa7000 	C:\Windows\SYSTEM32\WINMM.dll
0x00007ffa477f0000 - 0x00007ffa477fa000 	C:\Windows\SYSTEM32\VERSION.dll
0x00007ffa50340000 - 0x00007ffa50352000 	C:\Windows\SYSTEM32\UMPDC.dll
0x00007ffa4edd0000 - 0x00007ffa4ede2000 	C:\Windows\SYSTEM32\kernel.appcore.dll
0x00007ffa4a940000 - 0x00007ffa4a94a000 	C:\Program Files\Microsoft\jdk-17.0.12.7-hotspot\bin\jimage.dll
0x00007ffa499d0000 - 0x00007ffa49bb4000 	C:\Windows\SYSTEM32\DBGHELP.DLL
0x00007ffa498b0000 - 0x00007ffa498e4000 	C:\Windows\SYSTEM32\dbgcore.DLL
0x00007ffa50c80000 - 0x00007ffa50d02000 	C:\Windows\System32\bcryptPrimitives.dll
0x00007ffa395a0000 - 0x00007ffa395c5000 	C:\Program Files\Microsoft\jdk-17.0.12.7-hotspot\bin\java.dll
0x00007ffa34a40000 - 0x00007ffa34b17000 	C:\Program Files\Microsoft\jdk-17.0.12.7-hotspot\bin\jsvml.dll
0x00007ffa522a0000 - 0x00007ffa52a0d000 	C:\Windows\System32\SHELL32.dll
0x00007ffa4e610000 - 0x00007ffa4edb4000 	C:\Windows\SYSTEM32\windows.storage.dll
0x00007ffa51440000 - 0x00007ffa51793000 	C:\Windows\System32\combase.dll
0x00007ffa4ff10000 - 0x00007ffa4ff3e000 	C:\Windows\SYSTEM32\Wldp.dll
0x00007ffa52cb0000 - 0x00007ffa52d7d000 	C:\Windows\System32\OLEAUT32.dll
0x00007ffa52c00000 - 0x00007ffa52cad000 	C:\Windows\System32\SHCORE.dll
0x00007ffa511e0000 - 0x00007ffa51235000 	C:\Windows\System32\shlwapi.dll
0x00007ffa504e0000 - 0x00007ffa50504000 	C:\Windows\SYSTEM32\profapi.dll
0x00007ffa44550000 - 0x00007ffa4456a000 	C:\Program Files\Microsoft\jdk-17.0.12.7-hotspot\bin\net.dll
0x00007ffa49310000 - 0x00007ffa4941d000 	C:\Windows\SYSTEM32\WINHTTP.dll
0x00007ffa4fc70000 - 0x00007ffa4fcda000 	C:\Windows\system32\mswsock.dll
0x00007ffa39580000 - 0x00007ffa39596000 	C:\Program Files\Microsoft\jdk-17.0.12.7-hotspot\bin\nio.dll
0x00007ffa393a0000 - 0x00007ffa393b8000 	C:\Program Files\Microsoft\jdk-17.0.12.7-hotspot\bin\zip.dll

dbghelp: loaded successfully - version: 4.0.5 - missing functions: none
symbol engine: initialized successfully - sym options: 0x614 - pdb path: .;C:\Program Files\Microsoft\jdk-17.0.12.7-hotspot\bin;C:\Windows\SYSTEM32;C:\Windows\WinSxS\amd64_microsoft.windows.common-controls_6595b64144ccf1df_6.0.19041.4355_none_60b8b9eb71f62e16;C:\Program Files\Microsoft\jdk-17.0.12.7-hotspot\bin\server

VM Arguments:
jvm_args: -Dfile.encoding=UTF-8 -Dstdout.encoding=UTF-8 -Dstderr.encoding=UTF-8 -XX:+ShowCodeDetailsInExceptionMessages 
java_command: com.kafka.TrackingSystemApplication
java_class_path (initial): C:\Users\HP\Downloads\TrackingSystem\TrackingSystem\target\classes;C:\Users\HP\.m2\repository\org\springframework\boot\spring-boot-starter-web\3.4.1\spring-boot-starter-web-3.4.1.jar;C:\Users\HP\.m2\repository\org\springframework\boot\spring-boot-starter\3.4.1\spring-boot-starter-3.4.1.jar;C:\Users\HP\.m2\repository\org\springframework\boot\spring-boot-starter-logging\3.4.1\spring-boot-starter-logging-3.4.1.jar;C:\Users\HP\.m2\repository\org\apache\logging\log4j\log4j-to-slf4j\2.24.3\log4j-to-slf4j-2.24.3.jar;C:\Users\HP\.m2\repository\org\apache\logging\log4j\log4j-api\2.24.3\log4j-api-2.24.3.jar;C:\Users\HP\.m2\repository\org\slf4j\jul-to-slf4j\2.0.16\jul-to-slf4j-2.0.16.jar;C:\Users\HP\.m2\repository\jakarta\annotation\jakarta.annotation-api\2.1.1\jakarta.annotation-api-2.1.1.jar;C:\Users\HP\.m2\repository\org\yaml\snakeyaml\2.3\snakeyaml-2.3.jar;C:\Users\HP\.m2\repository\org\springframework\boot\spring-boot-starter-json\3.4.1\spring-boot-starter-json-3.4.1.jar;C:\Users\HP\.m2\repository\com\fasterxml\jackson\core\jackson-databind\2.18.2\jackson-databind-2.18.2.jar;C:\Users\HP\.m2\repository\com\fasterxml\jackson\core\jackson-annotations\2.18.2\jackson-annotations-2.18.2.jar;C:\Users\HP\.m2\repository\com\fasterxml\jackson\core\jackson-core\2.18.2\jackson-core-2.18.2.jar;C:\Users\HP\.m2\repository\com\fasterxml\jackson\datatype\jackson-datatype-jdk8\2.18.2\jackson-datatype-jdk8-2.18.2.jar;C:\Users\HP\.m2\repository\com\fasterxml\jackson\datatype\jackson-datatype-jsr310\2.18.2\jackson-datatype-jsr310-2.18.2.jar;C:\Users\HP\.m2\repository\com\fasterxml\jackson\module\jackson-module-parameter-names\2.18.2\jackson-module-parameter-names-2.18.2.jar;C:\Users\HP\.m2\repository\org\springframework\boot\spring-boot-starter-tomcat\3.4.1\spring-boot-starter-tomcat-3.4.1.jar;C:\Users\HP\.m2\repository\org\apache\tomcat\embed\tomcat-embed-core\10.1.34\tomcat-embed-core-10.1.34.jar;C:\Users\HP\.m2\repository\org\apache\tomcat\embed\tomcat-embed-el
Launcher Type: SUN_STANDARD

[Global flags]
     intx CICompilerCount                          = 3                                         {product} {ergonomic}
     uint ConcGCThreads                            = 1                                         {product} {ergonomic}
     uint G1ConcRefinementThreads                  = 4                                         {product} {ergonomic}
   size_t G1HeapRegionSize                         = 2097152                                   {product} {ergonomic}
    uintx GCDrainStackTargetSize                   = 64                                        {product} {ergonomic}
   size_t InitialHeapSize                          = 268435456                                 {product} {ergonomic}
   size_t MarkStackSize                            = 4194304                                   {product} {ergonomic}
   size_t MaxHeapSize                              = 4267704320                                {product} {ergonomic}
   size_t MaxNewSize                               = 2560622592                                {product} {ergonomic}
   size_t MinHeapDeltaBytes                        = 2097152                                   {product} {ergonomic}
   size_t MinHeapSize                              = 8388608                                   {product} {ergonomic}
    uintx NonNMethodCodeHeapSize                   = 5832780                                {pd product} {ergonomic}
    uintx NonProfiledCodeHeapSize                  = 122912730                              {pd product} {ergonomic}
    uintx ProfiledCodeHeapSize                     = 122912730                              {pd product} {ergonomic}
    uintx ReservedCodeCacheSize                    = 251658240                              {pd product} {ergonomic}
     bool SegmentedCodeCache                       = true                                      {product} {ergonomic}
     bool ShowCodeDetailsInExceptionMessages       = true                                   {manageable} {command line}
   size_t SoftMaxHeapSize                          = 4267704320                             {manageable} {ergonomic}
     bool UseCompressedClassPointers               = true                           {product lp64_product} {ergonomic}
     bool UseCompressedOops                        = true                           {product lp64_product} {ergonomic}
     bool UseG1GC                                  = true                                      {product} {ergonomic}
     bool UseLargePagesIndividualAllocation        = false                                  {pd product} {ergonomic}

Logging:
Log output configuration:
 #0: stdout all=warning uptime,level,tags
 #1: stderr all=off uptime,level,tags

Environment Variables:
JAVA_HOME=C:\Program Files\Microsoft\jdk-17.0.12.7-hotspot\
PATH=C:/Users/HP/.p2/pool/plugins/org.eclipse.justj.openjdk.hotspot.jre.full.win32.x86_64_23.0.0.v20240919-1706/jre/bin/server;C:/Users/HP/.p2/pool/plugins/org.eclipse.justj.openjdk.hotspot.jre.full.win32.x86_64_23.0.0.v20240919-1706/jre/bin;C:\Program Files\Microsoft\jdk-17.0.12.7-hotspot\bin;C:\Program Files\Common Files\Oracle\Java\javapath;C:\Windows\system32;C:\Windows;C:\Windows\System32\Wbem;C:\Windows\System32\WindowsPowerShell\v1.0\;C:\Windows\System32\OpenSSH\;C:\Program Files\Java\jdk-17\bin;C:\Program Files\Git\cmd;C:\flutter\bin;C:\Program Files\Microsoft SQL Server\150\Tools\Binn\;C:\Program Files\Microsoft SQL Server\Client SDK\ODBC\170\Tools\Binn\;C:\Program Files\dotnet\;C:\Program Files (x86)\Windows Kits\10\Windows Performance Toolkit\;D:\kafka\bin\windows;C:\ProgramData\chocolatey\bin;C:\Program Files\nodejs\;C:\Users\HP\AppData\Local\Android\Sdk\platform-tools;C:\Users\HP\AppData\Local\Microsoft\WindowsApps;C:\Users\HP\AppData\Local\Programs\Microsoft VS Code\bin;C:\Users\HP\.dotnet\tools;C:\Program Files\Java\jdk-17\bin;C:\Users\HP\AppData\Local\GitHubDesktop\bin;C:\Users\HP\AppData\Roaming\npm;C:\Users\HP\eclipse\java-2024-09\eclipse;
USERNAME=HP
OS=Windows_NT
PROCESSOR_IDENTIFIER=Intel64 Family 6 Model 61 Stepping 4, GenuineIntel
TMP=C:\Users\HP\AppData\Local\Temp
TEMP=C:\Users\HP\AppData\Local\Temp



Periodic native trim disabled


---------------  S Y S T E M  ---------------

OS:
 Windows 10 , 64 bit Build 19041 (10.0.19041.5198)
OS uptime: 12 days 12:38 hours

CPU: total 4 (initial active 4) (2 cores per cpu, 2 threads per core) family 6 model 61 stepping 4 microcode 0x2d, cx8, cmov, fxsr, ht, mmx, 3dnowpref, sse, sse2, sse3, ssse3, sse4.1, sse4.2, popcnt, lzcnt, tsc, tscinvbit, avx, avx2, aes, erms, clmul, bmi1, bmi2, adx, fma, vzeroupper, clflush
Processor Information for the first 4 processors :
  Max Mhz: 2401, Current Mhz: 2401, Mhz Limit: 2401

Memory: 4k page, system-wide physical 16275M (5238M free)
TotalPageFile size 18323M (AvailPageFile size 5M)
current process WorkingSet (physical memory assigned to process): 51M, peak: 51M
current process commit charge ("private bytes"): 343M, peak: 343M

vm_info: OpenJDK 64-Bit Server VM (17.0.12+7-LTS) for windows-amd64 JRE (17.0.12+7-LTS), built on Jul 16 2024 18:11:44 by "MicrosoftCorporation" with unknown MS VC++:1939

END.
